This file contains any messages produced by compilers while
running configure, to aid debugging if configure makes a mistake.

It was created by configure, which was
generated by GNU Autoconf 2.69.  Invocation command line was

  $ ./configure 

## --------- ##
## Platform. ##
## --------- ##

hostname = Toms-MacBook-Pro.local
uname -m = x86_64
uname -r = 20.6.0
uname -s = Darwin
uname -v = Darwin Kernel Version 20.6.0: Wed Jan 12 22:22:42 PST 2022; root:xnu-7195.141.19~2/RELEASE_X86_64

/usr/bin/uname -p = i386
/bin/uname -X     = unknown

/bin/arch              = unknown
/usr/bin/arch -k       = unknown
/usr/convex/getsysinfo = unknown
/usr/bin/hostinfo      = Mach kernel version:
	 Darwin Kernel Version 20.6.0: Wed Jan 12 22:22:42 PST 2022; root:xnu-7195.141.19~2/RELEASE_X86_64
Kernel configured for up to 8 processors.
4 processors are physically available.
8 processors are logically available.
Processor type: x86_64h (Intel x86-64h Haswell)
Processors active: 0 1 2 3 4 5 6 7
Primary memory available: 16.00 gigabytes
Default processor set: 771 tasks, 3884 threads, 8 processors
Load average: 2.20, Mach factor: 5.78
/bin/machine           = unknown
/usr/bin/oslevel       = unknown
/bin/universe          = unknown

PATH: /usr/local/sbin
PATH: /usr/local/bin
PATH: /usr/bin
PATH: /bin
PATH: /usr/sbin
PATH: /sbin
PATH: /usr/local/share/dotnet
PATH: /opt/X11/bin
PATH: ~/.dotnet/tools
PATH: /Library/Apple/usr/bin
PATH: /Library/Frameworks/Mono.framework/Versions/Current/Commands
PATH: /Applications/Xamarin Workbooks.app/Contents/SharedSupport/path-bin


## ----------- ##
## Core tests. ##
## ----------- ##

configure:2015: checking build system type
configure:2029: result: i386-apple-darwin20.6.0
configure:2049: checking host system type
configure:2062: result: i386-apple-darwin20.6.0
configure:2082: checking target system type
configure:2095: result: i386-apple-darwin20.6.0
configure:2138: checking for a BSD-compatible install
configure:2206: result: /usr/bin/install -c
configure:2217: checking whether build environment is sane
configure:2272: result: yes
configure:2310: WARNING: 'missing' script is too old or missing
configure:2423: checking for a thread-safe mkdir -p
configure:2462: result: ./install-sh -c -d
configure:2469: checking for gawk
configure:2499: result: no
configure:2469: checking for mawk
configure:2499: result: no
configure:2469: checking for nawk
configure:2499: result: no
configure:2469: checking for awk
configure:2485: found /usr/bin/awk
configure:2496: result: awk
configure:2507: checking whether make sets $(MAKE)
configure:2529: result: yes
configure:2558: checking whether make supports nested variables
configure:2575: result: yes
configure:2704: checking whether make sets $(MAKE)
configure:2726: result: yes
configure:2783: checking for gcc
configure:2799: found /usr/bin/gcc
configure:2810: result: gcc
configure:3039: checking for C compiler version
configure:3048: gcc --version >&5
Apple clang version 13.0.0 (clang-1300.0.29.30)
Target: x86_64-apple-darwin20.6.0
Thread model: posix
InstalledDir: /Applications/Xcode.app/Contents/Developer/Toolchains/XcodeDefault.xctoolchain/usr/bin
Configured with: --prefix=/Applications/Xcode.app/Contents/Developer/usr --with-gxx-include-dir=/Applications/Xcode.app/Contents/Developer/Platforms/MacOSX.platform/Developer/SDKs/MacOSX.sdk/usr/include/c++/4.2.1
configure:3059: $? = 0
configure:3048: gcc -v >&5
Configured with: --prefix=/Applications/Xcode.app/Contents/Developer/usr --with-gxx-include-dir=/Applications/Xcode.app/Contents/Developer/Platforms/MacOSX.platform/Developer/SDKs/MacOSX.sdk/usr/include/c++/4.2.1
Apple clang version 13.0.0 (clang-1300.0.29.30)
Target: x86_64-apple-darwin20.6.0
Thread model: posix
InstalledDir: /Applications/Xcode.app/Contents/Developer/Toolchains/XcodeDefault.xctoolchain/usr/bin
configure:3059: $? = 0
configure:3048: gcc -V >&5
clang: error: argument to '-V' is missing (expected 1 value)
clang: error: no input files
configure:3059: $? = 1
configure:3048: gcc -qversion >&5
clang: error: unknown argument '-qversion'; did you mean '--version'?
clang: error: no input files
configure:3059: $? = 1
configure:3079: checking whether the C compiler works
configure:3101: gcc    conftest.c  >&5
configure:3105: $? = 0
configure:3153: result: yes
configure:3156: checking for C compiler default output file name
configure:3158: result: a.out
configure:3164: checking for suffix of executables
configure:3171: gcc -o conftest    conftest.c  >&5
configure:3175: $? = 0
configure:3197: result: 
configure:3219: checking whether we are cross compiling
configure:3227: gcc -o conftest    conftest.c  >&5
configure:3231: $? = 0
configure:3238: ./conftest
configure:3242: $? = 0
configure:3257: result: no
configure:3262: checking for suffix of object files
configure:3284: gcc -c   conftest.c >&5
configure:3288: $? = 0
configure:3309: result: o
configure:3313: checking whether we are using the GNU C compiler
configure:3332: gcc -c   conftest.c >&5
configure:3332: $? = 0
configure:3341: result: yes
configure:3350: checking whether gcc accepts -g
configure:3370: gcc -c -g  conftest.c >&5
configure:3370: $? = 0
configure:3411: result: yes
configure:3428: checking for gcc option to accept ISO C89
configure:3491: gcc  -c -g -O2  conftest.c >&5
configure:3491: $? = 0
configure:3504: result: none needed
configure:3529: checking whether gcc understands -c and -o together
configure:3551: gcc -c conftest.c -o conftest2.o
configure:3554: $? = 0
configure:3551: gcc -c conftest.c -o conftest2.o
configure:3554: $? = 0
configure:3566: result: yes
configure:3594: checking for style of include used by make
configure:3622: result: GNU
configure:3648: checking dependency style of gcc
configure:3759: result: gcc3
configure:3832: checking for g++
configure:3848: found /usr/bin/g++
configure:3859: result: g++
configure:3886: checking for C++ compiler version
configure:3895: g++ --version >&5
Apple clang version 13.0.0 (clang-1300.0.29.30)
Target: x86_64-apple-darwin20.6.0
Thread model: posix
InstalledDir: /Applications/Xcode.app/Contents/Developer/Toolchains/XcodeDefault.xctoolchain/usr/bin
Configured with: --prefix=/Applications/Xcode.app/Contents/Developer/usr --with-gxx-include-dir=/Applications/Xcode.app/Contents/Developer/Platforms/MacOSX.platform/Developer/SDKs/MacOSX.sdk/usr/include/c++/4.2.1
configure:3906: $? = 0
configure:3895: g++ -v >&5
Configured with: --prefix=/Applications/Xcode.app/Contents/Developer/usr --with-gxx-include-dir=/Applications/Xcode.app/Contents/Developer/Platforms/MacOSX.platform/Developer/SDKs/MacOSX.sdk/usr/include/c++/4.2.1
Apple clang version 13.0.0 (clang-1300.0.29.30)
Target: x86_64-apple-darwin20.6.0
Thread model: posix
InstalledDir: /Applications/Xcode.app/Contents/Developer/Toolchains/XcodeDefault.xctoolchain/usr/bin
configure:3906: $? = 0
configure:3895: g++ -V >&5
clang: error: argument to '-V' is missing (expected 1 value)
clang: error: no input files
configure:3906: $? = 1
configure:3895: g++ -qversion >&5
clang: error: unknown argument '-qversion'; did you mean '--version'?
clang: error: no input files
configure:3906: $? = 1
configure:3910: checking whether we are using the GNU C++ compiler
configure:3929: g++ -c   conftest.cpp >&5
configure:3929: $? = 0
configure:3938: result: yes
configure:3947: checking whether g++ accepts -g
configure:3967: g++ -c -g  conftest.cpp >&5
configure:3967: $? = 0
configure:4008: result: yes
configure:4033: checking dependency style of g++
configure:4144: result: gcc3
configure:4202: checking for ranlib
configure:4218: found /usr/bin/ranlib
configure:4229: result: ranlib
configure:4334: checking for pkg-config
configure:4352: found /usr/local/bin/pkg-config
configure:4364: result: /usr/local/bin/pkg-config
configure:4389: checking pkg-config is at least version 0.9.0
configure:4392: result: yes
configure:4430: checking for SDL
configure:4437: $PKG_CONFIG --exists --print-errors "sdl2 >= $min_sdl_version"
configure:4440: $? = 0
configure:4453: $PKG_CONFIG --exists --print-errors "sdl2 >= $min_sdl_version"
configure:4456: $? = 0
configure:4493: result: yes
configure:4721: checking for SDLNet_Init in -lSDL2_net
configure:4746: gcc -o conftest -g -O2 -D_THREAD_SAFE -I/usr/local/include/SDL2   conftest.c -lSDL2_net   -L/usr/local/lib -lSDL2 >&5
configure:4746: $? = 0
configure:4755: result: yes
configure:4770: checking for RSA checksum authentication
configure:4779: result: no
configure:4964: checking that generated files are newer than configure
configure:4970: result: done
configure:4997: creating ./config.status

## ---------------------- ##
## Running config.status. ##
## ---------------------- ##

This file was extended by config.status, which was
generated by GNU Autoconf 2.69.  Invocation command line was

  CONFIG_FILES    = 
  CONFIG_HEADERS  = 
  CONFIG_LINKS    = 
  CONFIG_COMMANDS = 
  $ ./config.status 

on Toms-MacBook-Pro.local

config.status:810: creating Makefile
config.status:810: creating netlogic/Makefile
config.status:810: creating screenlib/Makefile
config.status:810: creating maclib/Makefile
config.status:810: creating Images/Makefile
config.status:810: creating Docs/Makefile
config.status:810: creating Maelstrom.spec
config.status:982: executing depfiles commands

## ---------------- ##
## Cache variables. ##
## ---------------- ##

ac_cv_build=i386-apple-darwin20.6.0
ac_cv_c_compiler_gnu=yes
ac_cv_cxx_compiler_gnu=yes
ac_cv_env_CCC_set=
ac_cv_env_CCC_value=
ac_cv_env_CC_set=
ac_cv_env_CC_value=
ac_cv_env_CFLAGS_set=
ac_cv_env_CFLAGS_value=
ac_cv_env_CPPFLAGS_set=
ac_cv_env_CPPFLAGS_value=
ac_cv_env_CXXFLAGS_set=
ac_cv_env_CXXFLAGS_value=
ac_cv_env_CXX_set=
ac_cv_env_CXX_value=
ac_cv_env_LDFLAGS_set=
ac_cv_env_LDFLAGS_value=
ac_cv_env_LIBS_set=
ac_cv_env_LIBS_value=
ac_cv_env_PKG_CONFIG_LIBDIR_set=
ac_cv_env_PKG_CONFIG_LIBDIR_value=
ac_cv_env_PKG_CONFIG_PATH_set=
ac_cv_env_PKG_CONFIG_PATH_value=
ac_cv_env_PKG_CONFIG_set=
ac_cv_env_PKG_CONFIG_value=
ac_cv_env_SDL_CFLAGS_set=
ac_cv_env_SDL_CFLAGS_value=
ac_cv_env_SDL_LIBS_set=
ac_cv_env_SDL_LIBS_value=
ac_cv_env_build_alias_set=
ac_cv_env_build_alias_value=
ac_cv_env_host_alias_set=
ac_cv_env_host_alias_value=
ac_cv_env_target_alias_set=
ac_cv_env_target_alias_value=
ac_cv_host=i386-apple-darwin20.6.0
ac_cv_lib_SDL2_net_SDLNet_Init=yes
ac_cv_objext=o
ac_cv_path_ac_pt_PKG_CONFIG=/usr/local/bin/pkg-config
ac_cv_path_install='/usr/bin/install -c'
ac_cv_prog_AWK=awk
ac_cv_prog_ac_ct_CC=gcc
ac_cv_prog_ac_ct_CXX=g++
ac_cv_prog_ac_ct_RANLIB=ranlib
ac_cv_prog_cc_c89=
ac_cv_prog_cc_g=yes
ac_cv_prog_cxx_g=yes
ac_cv_prog_make_make_set=yes
ac_cv_target=i386-apple-darwin20.6.0
am_cv_CC_dependencies_compiler_type=gcc3
am_cv_CXX_dependencies_compiler_type=gcc3
am_cv_make_support_nested_variables=yes
am_cv_prog_cc_c_o=yes
pkg_cv_SDL_CFLAGS='-D_THREAD_SAFE -I/usr/local/include/SDL2'
pkg_cv_SDL_LIBS='-L/usr/local/lib -lSDL2'

## ----------------- ##
## Output variables. ##
## ----------------- ##

ACLOCAL='aclocal-1.15'
AMDEPBACKSLASH='\'
AMDEP_FALSE='#'
AMDEP_TRUE=''
AMTAR='$${TAR-tar}'
AM_BACKSLASH='\'
AM_DEFAULT_V='$(AM_DEFAULT_VERBOSITY)'
AM_DEFAULT_VERBOSITY='1'
AM_V='$(V)'
AUTOCONF='autoconf'
AUTOHEADER='autoheader'
AUTOMAKE='automake-1.15'
AWK='awk'
CC='gcc'
CCDEPMODE='depmode=gcc3'
CFLAGS='-g -O2 -D_THREAD_SAFE -I/usr/local/include/SDL2 -I$(top_srcdir) -I$(top_srcdir)/netlogic -I$(top_srcdir)/screenlib -I$(top_srcdir)/maclib -DLIBDIR=\"$(prefix)/games/Maelstrom\"'
CPPFLAGS=''
CXX='g++'
CXXDEPMODE='depmode=gcc3'
CXXFLAGS='-g -O2 -g -O2 -D_THREAD_SAFE -I/usr/local/include/SDL2 -I$(top_srcdir) -I$(top_srcdir)/netlogic -I$(top_srcdir)/screenlib -I$(top_srcdir)/maclib -DLIBDIR=\"$(prefix)/games/Maelstrom\"'
CYGPATH_W='echo'
DEFS='-DPACKAGE_NAME=\"\" -DPACKAGE_TARNAME=\"\" -DPACKAGE_VERSION=\"\" -DPACKAGE_STRING=\"\" -DPACKAGE_BUGREPORT=\"\" -DPACKAGE_URL=\"\" -DPACKAGE=\"Maelstrom\" -DVERSION=\"3.0.7\"'
DEPDIR='.deps'
ECHO_C='\c'
ECHO_N=''
ECHO_T=''
EXEEXT=''
GAME_INSTALLDIR='$(prefix)/games/Maelstrom'
ICONOBJ=''
INETLIB=''
INSTALL_DATA='${INSTALL} -m 644'
INSTALL_PROGRAM='${INSTALL}'
INSTALL_SCRIPT='${INSTALL}'
INSTALL_STRIP_PROGRAM='$(install_sh) -c -s'
LDFLAGS=''
LIBOBJS=''
LIBS=' -L/usr/local/lib -lSDL2 -lSDL2_net'
LTLIBOBJS=''
MAKEINFO='makeinfo'
MATHLIB=''
MKDIR_P='./install-sh -c -d'
OBJEXT='o'
PACKAGE='Maelstrom'
PACKAGE_BUGREPORT=''
PACKAGE_NAME=''
PACKAGE_STRING=''
PACKAGE_TARNAME=''
PACKAGE_URL=''
PACKAGE_VERSION=''
PATH_SEPARATOR=':'
PKG_CONFIG='/usr/local/bin/pkg-config'
PKG_CONFIG_LIBDIR=''
PKG_CONFIG_PATH=''
RANLIB='ranlib'
SDL2_CONFIG='pkg-config sdl2'
SDL_CFLAGS='-D_THREAD_SAFE -I/usr/local/include/SDL2'
SDL_LIBS='-L/usr/local/lib -lSDL2'
SET_MAKE=''
SHELL='/bin/sh'
STRIP=''
VERSION='3.0.7'
ac_ct_CC='gcc'
ac_ct_CXX='g++'
am__EXEEXT_FALSE=''
am__EXEEXT_TRUE='#'
am__fastdepCC_FALSE='#'
am__fastdepCC_TRUE=''
am__fastdepCXX_FALSE='#'
am__fastdepCXX_TRUE=''
am__include='include'
am__isrc=''
am__leading_dot='.'
am__nodep='_no'
am__quote=''
am__tar='$${TAR-tar} chof - "$$tardir"'
am__untar='$${TAR-tar} xf -'
bindir='${exec_prefix}/bin'
build='i386-apple-darwin20.6.0'
build_alias=''
build_cpu='i386'
build_os='darwin20.6.0'
build_vendor='apple'
datadir='${datarootdir}'
datarootdir='${prefix}/share'
docdir='${datarootdir}/doc/${PACKAGE}'
dvidir='${docdir}'
exec_prefix='${prefix}'
host='i386-apple-darwin20.6.0'
host_alias=''
host_cpu='i386'
host_os='darwin20.6.0'
host_vendor='apple'
htmldir='${docdir}'
includedir='${prefix}/include'
infodir='${datarootdir}/info'
install_sh='${SHELL} /Users/tomkidd/Documents/GitHub/Maelstrom/install-sh'
libdir='${exec_prefix}/lib'
libexecdir='${exec_prefix}/libexec'
localedir='${datarootdir}/locale'
localstatedir='${prefix}/var'
mandir='${datarootdir}/man'
mkdir_p='$(MKDIR_P)'
oldincludedir='/usr/include'
pdfdir='${docdir}'
prefix='/usr/local'
program_transform_name='s,x,x,'
psdir='${docdir}'
runstatedir='${localstatedir}/run'
sbindir='${exec_prefix}/sbin'
sharedstatedir='${prefix}/com'
sysconfdir='${prefix}/etc'
target='i386-apple-darwin20.6.0'
target_alias=''
target_cpu='i386'
target_os='darwin20.6.0'
target_vendor='apple'

## ----------- ##
## confdefs.h. ##
## ----------- ##

/* confdefs.h */
#define PACKAGE_NAME ""
#define PACKAGE_TARNAME ""
#define PACKAGE_VERSION ""
#define PACKAGE_STRING ""
#define PACKAGE_BUGREPORT ""
#define PACKAGE_URL ""
#define PACKAGE "Maelstrom"
#define VERSION "3.0.7"

configure: exit 0
